<?xml version="1.0" encoding="UTF-8"?>
<testng-results ignored="0" total="1" passed="1" failed="0" skipped="0">
  <reporter-output>
  </reporter-output>
  <suite started-at="2024-01-31T16:23:45 IST" name="Default suite" finished-at="2024-01-31T16:23:59 IST" duration-ms="13262">
    <groups>
    </groups>
    <test started-at="2024-01-31T16:23:45 IST" name="Default test" finished-at="2024-01-31T16:23:59 IST" duration-ms="13262">
      <class name="GridTests.firefoxTest">
        <test-method signature="HomePageCheck()[pri:0, instance:GridTests.firefoxTest@76908cc0]" started-at="2024-01-31T16:23:45 IST" name="HomePageCheck" finished-at="2024-01-31T16:23:59 IST" duration-ms="13144" status="PASS">
          <reporter-output>
          </reporter-output>
        </test-method> <!-- HomePageCheck -->
      </class> <!-- GridTests.firefoxTest -->
    </test> <!-- Default test -->
  </suite> <!-- Default suite -->
</testng-results>
